<?xml version="1.0" encoding="UTF-8"?>
<testng-results ignored="0" total="1" passed="1" failed="0" skipped="0">
  <reporter-output>
  </reporter-output>
  <suite started-at="2024-12-17T23:51:35 IST" name="Default suite" finished-at="2024-12-17T23:51:38 IST" duration-ms="2646">
    <groups>
    </groups>
    <test started-at="2024-12-17T23:51:35 IST" name="Default test" finished-at="2024-12-17T23:51:38 IST" duration-ms="2646">
      <class name="FilterSorting">
        <test-method signature="filterSorting()[pri:0, instance:FilterSorting@247bddad]" started-at="2024-12-17T23:51:35 IST" name="filterSorting" finished-at="2024-12-17T23:51:38 IST" duration-ms="2612" status="PASS">
          <reporter-output>
          </reporter-output>
        </test-method> <!-- filterSorting -->
      </class> <!-- FilterSorting -->
    </test> <!-- Default test -->
  </suite> <!-- Default suite -->
</testng-results>
