<?xml version="1.0" encoding="UTF-8"?>
<testng-results ignored="0" total="2" passed="2" failed="0" skipped="0">
  <reporter-output>
  </reporter-output>
  <suite started-at="2024-12-19T00:02:25 IST" name="Default suite" finished-at="2024-12-19T00:02:33 IST" duration-ms="7334">
    <groups>
    </groups>
    <test started-at="2024-12-19T00:02:25 IST" name="Default test" finished-at="2024-12-19T00:02:33 IST" duration-ms="7334">
      <class name="FilterSorting">
        <test-method signature="filterSorting()[pri:0, instance:FilterSorting@d35dea7]" started-at="2024-12-19T00:02:25 IST" name="filterSorting" finished-at="2024-12-19T00:02:30 IST" duration-ms="4718" status="PASS">
          <reporter-output>
          </reporter-output>
        </test-method> <!-- filterSorting -->
        <test-method signature="reverseSorting()[pri:0, instance:FilterSorting@d35dea7]" started-at="2024-12-19T00:02:30 IST" name="reverseSorting" finished-at="2024-12-19T00:02:33 IST" duration-ms="2477" status="PASS">
          <reporter-output>
          </reporter-output>
        </test-method> <!-- reverseSorting -->
      </class> <!-- FilterSorting -->
    </test> <!-- Default test -->
  </suite> <!-- Default suite -->
</testng-results>
